<?xml version="1.0" encoding="UTF-8"?>
<!-- Generated by org.testng.reporters.JUnitReportReporter -->
<testsuite hostname="LR901DK8Z-LP" name="defaultPackage.TestingProductPage" tests="1" failures="0" timestamp="26 May 2016 19:46:50 GMT" time="29.591" errors="0">
  <testcase name="test" time="29.591" classname="defaultPackage.TestingProductPage"/>
</testsuite> <!-- defaultPackage.TestingProductPage -->
