<?xml version="1.0" encoding="UTF-8"?>
<!-- Generated by org.testng.reporters.JUnitReportReporter -->
<testsuite hostname="LR901DK8Z-LP" name="defaultPackage.TestingProductPage" tests="1" failures="0" timestamp="15 Feb 2016 15:38:02 GMT" time="17.355" errors="0">
  <testcase name="test" time="17.355" classname="defaultPackage.TestingProductPage"/>
</testsuite> <!-- defaultPackage.TestingProductPage -->
