<?xml version="1.0" encoding="UTF-8"?>
<!-- Generated by org.testng.reporters.JUnitReportReporter -->
<testsuite hostname="R901DK97-LP" name="defaultPackage.TestingProductPage" tests="1" failures="0" timestamp="7 Sep 2015 16:08:43 GMT" time="49.660" errors="0">
  <testcase name="test" time="49.660" classname="defaultPackage.TestingProductPage"/>
</testsuite> <!-- defaultPackage.TestingProductPage -->
