<?xml version="1.0" encoding="UTF-8"?>
<!-- Generated by org.testng.reporters.JUnitReportReporter -->
<testsuite hostname="R901DK97-LP" name="defaultPackage.TestingProductPage" tests="1" failures="0" timestamp="7 Sep 2015 20:06:20 GMT" time="54.987" errors="0">
  <testcase name="test" time="54.987" classname="defaultPackage.TestingProductPage"/>
</testsuite> <!-- defaultPackage.TestingProductPage -->
