<?xml version="1.0" encoding="UTF-8"?>
<!-- Generated by org.testng.reporters.JUnitReportReporter -->
<testsuite hostname="LR901DK8Z-LP" name="defaultPackage.TestingProductPage" tests="1" failures="0" timestamp="1 Jun 2015 17:48:21 GMT" time="184.118" errors="0">
  <testcase name="test" time="184.118" classname="defaultPackage.TestingProductPage"/>
</testsuite> <!-- defaultPackage.TestingProductPage -->
